0 info it worked if it ends with ok
1 verbose cli [ '/Users/giuliandrimba/nvm/v0.10.22/bin/node',
1 verbose cli   '/Users/giuliandrimba/nvm/v0.10.22/bin/npm',
1 verbose cli   'install',
1 verbose cli   'mocha-phantom-lcov-reporter',
1 verbose cli   '--save' ]
2 info using npm@1.3.14
3 info using node@v0.10.22
4 verbose readDependencies using package.json deps
5 verbose cache add [ 'mocha-phantom-lcov-reporter', null ]
6 verbose cache add name=undefined spec="mocha-phantom-lcov-reporter" args=["mocha-phantom-lcov-reporter",null]
7 verbose parsed url { protocol: null,
7 verbose parsed url   slashes: null,
7 verbose parsed url   auth: null,
7 verbose parsed url   host: null,
7 verbose parsed url   port: null,
7 verbose parsed url   hostname: null,
7 verbose parsed url   hash: null,
7 verbose parsed url   search: null,
7 verbose parsed url   query: null,
7 verbose parsed url   pathname: 'mocha-phantom-lcov-reporter',
7 verbose parsed url   path: 'mocha-phantom-lcov-reporter',
7 verbose parsed url   href: 'mocha-phantom-lcov-reporter' }
8 silly lockFile ebd7c967-mocha-phantom-lcov-reporter mocha-phantom-lcov-reporter
9 verbose lock mocha-phantom-lcov-reporter /Users/giuliandrimba/.npm/ebd7c967-mocha-phantom-lcov-reporter.lock
10 silly lockFile ebd7c967-mocha-phantom-lcov-reporter mocha-phantom-lcov-reporter
11 silly lockFile ebd7c967-mocha-phantom-lcov-reporter mocha-phantom-lcov-reporter
12 verbose addNamed [ 'mocha-phantom-lcov-reporter', '' ]
13 verbose addNamed [ null, '*' ]
14 silly lockFile f70ab8ac-mocha-phantom-lcov-reporter mocha-phantom-lcov-reporter@
15 verbose lock mocha-phantom-lcov-reporter@ /Users/giuliandrimba/.npm/f70ab8ac-mocha-phantom-lcov-reporter.lock
16 silly addNameRange { name: 'mocha-phantom-lcov-reporter',
16 silly addNameRange   range: '*',
16 silly addNameRange   hasData: false }
17 verbose url raw mocha-phantom-lcov-reporter
18 verbose url resolving [ 'https://registry.npmjs.org/',
18 verbose url resolving   './mocha-phantom-lcov-reporter' ]
19 verbose url resolved https://registry.npmjs.org/mocha-phantom-lcov-reporter
20 info trying registry request attempt 1 at 23:51:45
21 http GET https://registry.npmjs.org/mocha-phantom-lcov-reporter
22 http 404 https://registry.npmjs.org/mocha-phantom-lcov-reporter
23 silly registry.get cb [ 404,
23 silly registry.get   { date: 'Tue, 11 Mar 2014 02:51:46 GMT',
23 silly registry.get     server: 'CouchDB/1.5.0 (Erlang OTP/R16B)',
23 silly registry.get     'content-type': 'application/json',
23 silly registry.get     'accept-ranges': 'bytes',
23 silly registry.get     via: '1.1 varnish',
23 silly registry.get     'cache-control': 'max-age=0',
23 silly registry.get     'content-length': '52',
23 silly registry.get     'x-served-by': 'cache-v37-ASH, cache-jfk1035-JFK',
23 silly registry.get     'x-cache': 'MISS, MISS',
23 silly registry.get     'x-cache-hits': '0, 0',
23 silly registry.get     'x-timer': 'S1394506306.704395056,VS0,VS302,VE377,VE81',
23 silly registry.get     'keep-alive': 'timeout=10, max=50',
23 silly registry.get     connection: 'Keep-Alive' } ]
24 silly lockFile f70ab8ac-mocha-phantom-lcov-reporter mocha-phantom-lcov-reporter@
25 silly lockFile f70ab8ac-mocha-phantom-lcov-reporter mocha-phantom-lcov-reporter@
26 error 404 'mocha-phantom-lcov-reporter' is not in the npm registry.
26 error 404 You should bug the author to publish it
26 error 404
26 error 404 Note that you can also install from a
26 error 404 tarball, folder, or http url, or git url.
27 error System Darwin 10.8.0
28 error command "/Users/giuliandrimba/nvm/v0.10.22/bin/node" "/Users/giuliandrimba/nvm/v0.10.22/bin/npm" "install" "mocha-phantom-lcov-reporter" "--save"
29 error cwd /Users/giuliandrimba/code/retain-localstorage
30 error node -v v0.10.22
31 error npm -v 1.3.14
32 error code E404
33 verbose exit [ 1, true ]
